[backblue.gif]
[fade.gif]
[index.html]
[evaluationhub.nz/resources/themes/watea/ico/favicona5b7.ico]
[evaluationhub.nz/resources/themes/watea/ico/apple-touch-icon-144a5b7.png]
[evaluationhub.nz/resources/themes/watea/ico/apple-touch-icon-114a5b7.png]
[evaluationhub.nz/resources/themes/watea/ico/apple-touch-icon-72a5b7.png]
[evaluationhub.nz/resources/themes/watea/ico/apple-touch-icon-57a5b7.png]
[evaluationhub.nz/evaluationhub/img/question_home@2x.png]
[evaluationhub.nz/evaluationhub/img/Image 5.png]
[code.jquery.com/jquery-3.3.1.min.js]
[evaluationhub.nz/resources/themes/starter/dist/js/main7b20.js]
[evaluationhub.nz/resources/themes/watea/dist/js/maina5b7.js]
[evaluationhub.nz/index.html]
[evaluationhub.nz/resources/themes/watea/dist/css/maina5b7.css]
[evaluationhub.nz/evaluationhub/img/Image 1.png]
[evaluationhub.nz/evaluationhub/img/Image 3.png]
[evaluationhub.nz/evaluationhub/myda30.css]
[netdna.bootstrapcdn.com/font-awesome/3.2.1/css/font-awesome.min.css]
[evaluationhub.nz/evaluationhub/img/bookmark_questions.png]
[evaluationhub.nz/evaluationhub/img/screenshot_logic_model_app.png]
[evaluationhub.nz/assets/Image-14.png]
[evaluationhub.nz/evaluative-thinking/index.html]
[evaluationhub.nz/evaluationhub/Theory of Change FAQs FINAL with MOE Logo.pdf]
[evaluationhub.nz/evaluationhub/PRA Plausible Theory of Change Final.pdf]
[evaluationhub.nz/assets/Uploads/Image-15.png]
[evaluationhub.nz/assets/Uploads/Screen-Shot-2019-07-17-at-4.21.34-PM.png]
[evaluationhub.nz/theory-of-change/index.html]
[evaluationhub.nz/theory-of-change/evaluative-thinking-questions/index.html]
[evaluationhub.nz/evaluationhub/img/becomming_champion/checklist@2x.png]
[evaluationhub.nz/evaluationhub/img/commissioning_template/avoid_dup@2x.png]
[evaluationhub.nz/evaluationhub/img/commissioning_template/automate@2x.png]
[evaluationhub.nz/evaluationhub/2019 06 MOE Commissioning Template A4.docx]
[evaluationhub.nz/evaluationhub/MOE Analytics and Insights Commissioning Template FINAL.docx]
[evaluationhub.nz/evaluationhub/Scoping Evaluation Cheat Sheet.docx]
[evaluationhub.nz/evaluationhub/Evaluation Report Assessment Tool October 2018  FINAL.pdf]
[evaluationhub.nz/evaluationhub/Scoping Evaluation Cheat Sheet.pdf]
[evaluationhub.nz/evaluationhub/Evaluation Plan Template.docx]
[evaluationhub.nz/evaluationhub/Evaluation Report Assessment Tool - A Practical Guide December 2018.pdf]
[evaluationhub.nz/evaluationhub/5 Essentials for Effective Evaluation.pdf]
[evaluationhub.nz/commissioning-process/index.html]
[evaluationhub.nz/assets/Uploads/Image-5.png]
[evaluationhub.nz/evaluationhub/img/Image 7.png]
[evaluationhub.nz/evaluationhub/img/Image 8.png]
[evaluationhub.nz/champions-programme/index.html]
[evaluationhub.nz/evaluationhub/img/becomming_champion/main_image.jpg]
[evaluationhub.nz/evaluationhub/img/becomming_champion/leadership@2x.png]
[evaluationhub.nz/evaluationhub/img/becomming_champion/signs@2x.png]
[evaluationhub.nz/evaluationhub/img/becomming_champion/conv2x.png]
[evaluationhub.nz/evaluationhub/img/becomming_champion/hands@2x.png]
[evaluationhub.nz/evaluationhub/img/becomming_champion/going_up@2x.png]
[evaluationhub.nz/evaluationhub/img/becomming_champion/people@2x.png]
[evaluationhub.nz/evaluationhub/img/becomming_champion/conversation@2x.png]
[evaluationhub.nz/evaluationhub/img/training_champion.jpg]
[evaluationhub.nz/champions-programme/become-a-champion/index.html]
[evaluationhub.nz/evaluationhub/img/Image 9.png]
[evaluationhub.nz/evaluationhub/img/becomming_champion/hiring@2x.png]
[evaluationhub.nz/champions-programme/get-help-from-a-champion/index.html]
[evaluationhub.nz/tools-and-resources/index.html]
[evaluationhub.nz/evaluationhub/img/team_photo.png]
[evaluationhub.nz/evaluationhub/A3 Infographic_Eval and Monitoring Strategy_01_v7.pdf]
[evaluationhub.nz/evaluationhub/img/evaluation_strategy.png]
[evaluationhub.nz/about-us/index.html]
[evaluationhub.nz/getting-started.html]
[evaluationhub.nz/evaluationhub/img/start.svg]
[evaluationhub.nz/tools-and-resources.html]
[evaluationhub.nz/evaluationhub/img/planning.svg]
[evaluationhub.nz/champions-programme/get-help-from-a-champion.html]
[evaluationhub.nz/evaluative-thinking.html]
[evaluationhub.nz/theory-of-change.html]
[evaluationhub.nz/commissioning-process.html]
[evaluationhub.nz/footer-holder/contact-us/index.html]
[evaluationhub.nz/footer-holder/about-the-site/index.html]
[evaluationhub.nz/footer-holder/privacy/index.html]
[evaluationhub.nz/footer-holder/terms-of-use/index.html]
[netdna.bootstrapcdn.com/font-awesome/3.2.1/css/font-awesome.min.css]
[evaluationhub.nz/resources/vendor/silverstripe/comments/css/commentsae27.css]
[evaluationhub.nz/RUFDATA.html]
[evaluationhub.nz/Evaluation Plan Template.html]
